<?xml version="1.0" encoding="UTF-8"?>
<robot generator="Robot 4.0 (Python 3.8.8 on win32)" generated="20210403 00:06:18.215" rpa="false" schemaversion="2">
<suite id="s1" name="Listen" source="C:\Users\aldo-\storyboard_workspace\webinar\test\listen.robot">
<test id="s1-t1" name="Window 1">
<kw name="The value of temperature Should Be 6°" sourcename="The value of ${key} Should Be ${value}">
<kw name="Then the value of ${key} must equal ${value}" library="lua_listener_PYTHON_wrapper" sourcename="the value of ${key} must equal ${value}">
<msg timestamp="20210403 00:06:25.531" level="FAIL">Temperature value is currently at 68°, not equal to desired value of 6°</msg>
<status status="FAIL" starttime="20210403 00:06:25.530" endtime="20210403 00:06:25.531"/>
</kw>
<status status="FAIL" starttime="20210403 00:06:25.529" endtime="20210403 00:06:25.531"/>
</kw>
<kw name="The value of scale Should Be Fahreneit" sourcename="The value of ${key} Should Be ${value}">
<kw name="Then the value of ${key} must equal ${value}" library="lua_listener_PYTHON_wrapper" sourcename="the value of ${key} must equal ${value}">
<msg timestamp="20210403 00:06:25.532" level="FAIL">Scale is currently Fahrenheit, not equal to desired scale of Fahreneit</msg>
<status status="FAIL" starttime="20210403 00:06:25.532" endtime="20210403 00:06:25.532"/>
</kw>
<status status="FAIL" starttime="20210403 00:06:25.532" endtime="20210403 00:06:25.533"/>
</kw>
<status status="FAIL" starttime="20210403 00:06:25.529" endtime="20210403 00:06:25.533">Several failures occurred:

1) Temperature value is currently at 68°, not equal to desired value of 6°

2) Scale is currently Fahrenheit, not equal to desired scale of Fahreneit</status>
</test>
<status status="FAIL" starttime="20210403 00:06:18.217" endtime="20210403 00:06:25.535"/>
</suite>
<statistics>
<total>
<stat pass="0" fail="1" skip="0">All Tests</stat>
</total>
<tag>
</tag>
<suite>
<stat pass="0" fail="1" skip="0" id="s1" name="Listen">Listen</stat>
</suite>
</statistics>
<errors>
</errors>
</robot>
