<?xml version="1.0" encoding="UTF-8"?>
<robot generator="Robot 4.0 (Python 3.8.8 on win32)" generated="20210405 12:03:53.206" rpa="false" schemaversion="2">
<suite id="s1" name="Test" source="C:\Users\aldo-\storyboard_workspace\webinar\test">
<suite id="s1-s1" name="Listen" source="C:\Users\aldo-\storyboard_workspace\webinar\test\listen.robot">
<test id="s1-s1-t1" name="Open home window and check if temperature and scale is at default value">
<kw name="The value of temperature Should Be 68°" sourcename="The value of ${key} Should Be ${value}">
<kw name="the value of ${key} must equal ${value}" library="lua_listener_PYTHON_wrapper" sourcename="the value of ${key} must equal ${value}">
<msg timestamp="20210405 12:03:55.580" level="INFO">Temperature value OK</msg>
<status status="PASS" starttime="20210405 12:03:55.580" endtime="20210405 12:03:55.580"/>
</kw>
<status status="PASS" starttime="20210405 12:03:55.580" endtime="20210405 12:03:55.580"/>
</kw>
<kw name="The value of scale Should Be Fahrenheit" sourcename="The value of ${key} Should Be ${value}">
<kw name="the value of ${key} must equal ${value}" library="lua_listener_PYTHON_wrapper" sourcename="the value of ${key} must equal ${value}">
<msg timestamp="20210405 12:03:55.581" level="INFO">Scale value OK</msg>
<status status="PASS" starttime="20210405 12:03:55.581" endtime="20210405 12:03:55.581"/>
</kw>
<status status="PASS" starttime="20210405 12:03:55.580" endtime="20210405 12:03:55.581"/>
</kw>
<tag>RobotTest</tag>
<status status="PASS" starttime="20210405 12:03:55.579" endtime="20210405 12:03:55.581"/>
</test>
<status status="PASS" starttime="20210405 12:03:53.225" endtime="20210405 12:03:55.581"/>
</suite>
<status status="PASS" starttime="20210405 12:03:53.207" endtime="20210405 12:03:55.582"/>
</suite>
<statistics>
<total>
<stat pass="1" fail="0" skip="0">All Tests</stat>
</total>
<tag>
<stat pass="1" fail="0" skip="0">RobotTest</stat>
</tag>
<suite>
<stat pass="1" fail="0" skip="0" id="s1" name="Test">Test</stat>
<stat pass="1" fail="0" skip="0" id="s1-s1" name="Listen">Test.Listen</stat>
</suite>
</statistics>
<errors>
</errors>
</robot>
